{
  "RSpec": {
    "coverage": {
      "/Users/maria.torres/turing/3module/projects/rails_engine_files/rails_engine/spec/models/customer_spec.rb": [
        1,
        null,
        1,
        1,
        2,
        2,
        null,
        null,
        1,
        2,
        2,
        null,
        null,
        null,
        null
      ],
      "/Users/maria.torres/turing/3module/projects/rails_engine_files/rails_engine/spec/rails_helper.rb": [
        null,
        1,
        1,
        1,
        null,
        1,
        1,
        null,
        null,
        null,
        null,
        null,
        null,
        null,
        null,
        null,
        null,
        null,
        null,
        null,
        null,
        null,
        null,
        null,
        null,
        null,
        1,
        1,
        null,
        0,
        0,
        null,
        1,
        null,
        1,
        1,
        null,
        null,
        null,
        null,
        1,
        null,
        null,
        null,
        null,
        null,
        null,
        null,
        null,
        null,
        null,
        null,
        null,
        null,
        null,
        1,
        null,
        null,
        1,
        null,
        null,
        null,
        1,
        1,
        1,
        1,
        null,
        null
      ],
      "/Users/maria.torres/turing/3module/projects/rails_engine_files/rails_engine/config/environment.rb": [
        null,
        1,
        null,
        null,
        1
      ],
      "/Users/maria.torres/turing/3module/projects/rails_engine_files/rails_engine/config/application.rb": [
        1,
        null,
        1,
        null,
        1,
        1,
        1,
        1,
        1,
        1,
        1,
        1,
        null,
        null,
        null,
        null,
        null,
        1,
        null,
        1,
        1,
        null,
        1,
        null,
        null,
        null,
        null,
        null,
        null,
        null,
        null,
        null,
        1,
        null,
        null
      ],
      "/Users/maria.torres/turing/3module/projects/rails_engine_files/rails_engine/config/boot.rb": [
        1,
        null,
        1,
        1
      ],
      "/Users/maria.torres/turing/3module/projects/rails_engine_files/rails_engine/config/environments/test.rb": [
        1,
        null,
        null,
        null,
        null,
        null,
        null,
        1,
        null,
        null,
        null,
        null,
        1,
        null,
        null,
        1,
        1,
        null,
        null,
        null,
        null,
        1,
        1,
        null,
        null,
        1,
        null,
        null,
        1,
        null,
        null,
        1,
        null,
        1,
        null,
        null,
        null,
        null,
        1,
        null,
        null,
        1,
        null,
        null,
        null,
        null
      ],
      "/Users/maria.torres/turing/3module/projects/rails_engine_files/rails_engine/config/initializers/application_controller_renderer.rb": [
        null,
        null,
        null,
        null,
        null,
        null,
        null,
        null
      ],
      "/Users/maria.torres/turing/3module/projects/rails_engine_files/rails_engine/config/initializers/backtrace_silencers.rb": [
        null,
        null,
        null,
        null,
        null,
        null,
        null
      ],
      "/Users/maria.torres/turing/3module/projects/rails_engine_files/rails_engine/config/initializers/cors.rb": [
        null,
        null,
        null,
        null,
        null,
        null,
        null,
        null,
        null,
        null,
        null,
        null,
        null,
        null,
        null,
        null
      ],
      "/Users/maria.torres/turing/3module/projects/rails_engine_files/rails_engine/config/initializers/filter_parameter_logging.rb": [
        null,
        null,
        null,
        1
      ],
      "/Users/maria.torres/turing/3module/projects/rails_engine_files/rails_engine/config/initializers/inflections.rb": [
        null,
        null,
        null,
        null,
        null,
        null,
        null,
        null,
        null,
        null,
        null,
        null,
        null,
        null,
        null,
        null
      ],
      "/Users/maria.torres/turing/3module/projects/rails_engine_files/rails_engine/config/initializers/mime_types.rb": [
        null,
        null,
        null,
        null
      ],
      "/Users/maria.torres/turing/3module/projects/rails_engine_files/rails_engine/config/initializers/wrap_parameters.rb": [
        null,
        null,
        null,
        null,
        null,
        null,
        1,
        2,
        null,
        null,
        null,
        null,
        null,
        null
      ],
      "/Users/maria.torres/turing/3module/projects/rails_engine_files/rails_engine/spec/factories/customers.rb": [
        1,
        1,
        23,
        23,
        null,
        null
      ],
      "/Users/maria.torres/turing/3module/projects/rails_engine_files/rails_engine/spec/factories/invoice_items.rb": [
        1,
        1,
        1,
        1,
        1,
        null,
        null
      ],
      "/Users/maria.torres/turing/3module/projects/rails_engine_files/rails_engine/spec/factories/invoices.rb": [
        1,
        1,
        1,
        1,
        1,
        null,
        null
      ],
      "/Users/maria.torres/turing/3module/projects/rails_engine_files/rails_engine/spec/factories/items.rb": [
        1,
        1,
        1,
        1,
        1,
        1,
        null,
        null
      ],
      "/Users/maria.torres/turing/3module/projects/rails_engine_files/rails_engine/spec/factories/merchants.rb": [
        1,
        1,
        1,
        null,
        null
      ],
      "/Users/maria.torres/turing/3module/projects/rails_engine_files/rails_engine/spec/factories/transactions.rb": [
        1,
        1,
        1,
        1,
        1,
        1,
        null,
        null
      ],
      "/Users/maria.torres/turing/3module/projects/rails_engine_files/rails_engine/config/routes.rb": [
        1,
        1,
        1,
        1,
        1,
        1,
        1,
        null,
        1,
        1,
        1,
        null,
        1,
        1,
        1,
        1,
        1,
        1,
        null,
        null,
        null
      ],
      "/Users/maria.torres/turing/3module/projects/rails_engine_files/rails_engine/app/models/customer.rb": [
        1,
        1,
        null,
        1,
        1,
        null,
        null
      ],
      "/Users/maria.torres/turing/3module/projects/rails_engine_files/rails_engine/app/models/application_record.rb": [
        1,
        1,
        null
      ],
      "/Users/maria.torres/turing/3module/projects/rails_engine_files/rails_engine/spec/models/invoice_item_spec.rb": [
        1,
        null,
        1,
        1,
        2,
        2,
        null,
        null,
        1,
        2,
        2,
        null,
        null
      ],
      "/Users/maria.torres/turing/3module/projects/rails_engine_files/rails_engine/app/models/invoice_item.rb": [
        1,
        1,
        null,
        1,
        1,
        1,
        null
      ],
      "/Users/maria.torres/turing/3module/projects/rails_engine_files/rails_engine/spec/models/invoice_spec.rb": [
        1,
        null,
        1,
        1,
        2,
        null,
        1,
        2,
        2,
        2,
        2,
        null,
        null,
        null
      ],
      "/Users/maria.torres/turing/3module/projects/rails_engine_files/rails_engine/app/models/invoice.rb": [
        1,
        1,
        1,
        1,
        1,
        1,
        1,
        null
      ],
      "/Users/maria.torres/turing/3module/projects/rails_engine_files/rails_engine/spec/models/item_spec.rb": [
        1,
        null,
        1,
        1,
        2,
        2,
        2,
        null,
        1,
        2,
        2,
        2,
        null,
        null
      ],
      "/Users/maria.torres/turing/3module/projects/rails_engine_files/rails_engine/app/models/item.rb": [
        1,
        1,
        null,
        null,
        1,
        1,
        1,
        null,
        null,
        null,
        null,
        null
      ],
      "/Users/maria.torres/turing/3module/projects/rails_engine_files/rails_engine/spec/models/merchant_spec.rb": [
        1,
        null,
        1,
        1,
        2,
        null,
        null,
        1,
        2,
        2,
        2,
        null,
        null,
        1,
        1,
        1,
        1,
        1,
        1,
        1,
        1,
        1,
        1,
        null,
        1,
        1,
        1,
        1,
        null,
        1,
        1,
        1,
        1,
        1,
        null,
        null,
        1,
        1,
        1,
        1,
        null,
        1,
        1,
        null,
        null,
        null,
        null
      ],
      "/Users/maria.torres/turing/3module/projects/rails_engine_files/rails_engine/app/models/merchant.rb": [
        1,
        1,
        1,
        1,
        1,
        1,
        null,
        1,
        null,
        null,
        null,
        null,
        1,
        null,
        null,
        1,
        null,
        null,
        null,
        null,
        1,
        null,
        null,
        null
      ],
      "/Users/maria.torres/turing/3module/projects/rails_engine_files/rails_engine/spec/models/transaction_spec.rb": [
        1,
        null,
        1,
        1,
        2,
        2,
        null,
        null,
        null,
        1,
        2,
        null,
        null
      ],
      "/Users/maria.torres/turing/3module/projects/rails_engine_files/rails_engine/app/models/transaction.rb": [
        1,
        1,
        null,
        1,
        null,
        null
      ],
      "/Users/maria.torres/turing/3module/projects/rails_engine_files/rails_engine/spec/requests/api/v1/customer_request_spec.rb": [
        1,
        null,
        1,
        1,
        1,
        null,
        1,
        null,
        1,
        null,
        1,
        1,
        null,
        null,
        1,
        1,
        null,
        1,
        null,
        1,
        null,
        1,
        1,
        null,
        null
      ],
      "/Users/maria.torres/turing/3module/projects/rails_engine_files/rails_engine/spec/requests/api/v1/invoice_item_request_spec.rb": [
        1,
        null,
        1,
        null,
        1,
        1,
        1,
        1,
        1,
        1,
        1,
        null,
        null,
        null,
        1,
        null,
        1,
        null,
        1,
        1,
        null,
        null,
        1,
        1,
        1,
        1,
        1,
        1,
        1,
        null,
        1,
        null,
        1,
        null,
        1,
        1,
        null,
        null
      ],
      "/Users/maria.torres/turing/3module/projects/rails_engine_files/rails_engine/spec/requests/api/v1/invoice_request_spec.rb": [
        1,
        null,
        1,
        null,
        1,
        1,
        1,
        1,
        1,
        1,
        null,
        1,
        null,
        1,
        null,
        1,
        1,
        null,
        null,
        1,
        1,
        1,
        1,
        1,
        null,
        1,
        null,
        1,
        null,
        1,
        1,
        null,
        null
      ],
      "/Users/maria.torres/turing/3module/projects/rails_engine_files/rails_engine/spec/requests/api/v1/item_request_spec.rb": [
        1,
        null,
        1,
        1,
        1,
        1,
        1,
        1,
        1,
        null,
        null,
        1,
        null,
        1,
        null,
        1,
        1,
        null,
        null,
        1,
        1,
        1,
        1,
        1,
        null,
        1,
        null,
        1,
        1,
        null,
        null
      ],
      "/Users/maria.torres/turing/3module/projects/rails_engine_files/rails_engine/spec/requests/api/v1/merchants_request_spec.rb": [
        1,
        null,
        1,
        1,
        1,
        null,
        1,
        null,
        1,
        null,
        1,
        1,
        null,
        null,
        1,
        1,
        null,
        1,
        null,
        1,
        null,
        1,
        1,
        null,
        null
      ],
      "/Users/maria.torres/turing/3module/projects/rails_engine_files/rails_engine/spec/requests/api/v1/transaction_request_spec.rb": [
        1,
        null,
        1,
        1,
        1,
        1,
        1,
        null,
        1,
        1,
        null,
        null,
        1,
        null,
        1,
        null,
        1,
        1,
        null,
        null,
        1,
        1,
        1,
        1,
        1,
        1,
        null,
        1,
        null,
        1,
        null,
        1,
        1,
        null,
        null
      ],
      "/Users/maria.torres/turing/3module/projects/rails_engine_files/rails_engine/app/controllers/api/v1/customers_controller.rb": [
        1,
        null,
        1,
        1,
        null,
        null,
        1,
        1,
        null,
        null
      ],
      "/Users/maria.torres/turing/3module/projects/rails_engine_files/rails_engine/app/controllers/application_controller.rb": [
        1,
        null
      ],
      "/Users/maria.torres/turing/3module/projects/rails_engine_files/rails_engine/app/controllers/api/v1/invoice_items_controller.rb": [
        1,
        null,
        1,
        1,
        null,
        null,
        1,
        1,
        null,
        null,
        null,
        null,
        null
      ],
      "/Users/maria.torres/turing/3module/projects/rails_engine_files/rails_engine/app/controllers/api/v1/invoices_controller.rb": [
        1,
        null,
        1,
        1,
        null,
        null,
        1,
        1,
        null,
        null,
        null,
        null,
        null
      ],
      "/Users/maria.torres/turing/3module/projects/rails_engine_files/rails_engine/app/controllers/api/v1/items_controller.rb": [
        1,
        null,
        1,
        1,
        null,
        null,
        1,
        1,
        null,
        null,
        null,
        null,
        null
      ],
      "/Users/maria.torres/turing/3module/projects/rails_engine_files/rails_engine/app/serializers/item_serializer.rb": [
        1,
        1,
        null,
        null,
        null,
        null,
        null
      ],
      "/Users/maria.torres/turing/3module/projects/rails_engine_files/rails_engine/app/controllers/api/v1/merchants_controller.rb": [
        1,
        null,
        1,
        1,
        null,
        null,
        1,
        1,
        null,
        null,
        null
      ],
      "/Users/maria.torres/turing/3module/projects/rails_engine_files/rails_engine/app/serializers/merchant_serializer.rb": [
        1,
        1,
        null,
        null
      ],
      "/Users/maria.torres/turing/3module/projects/rails_engine_files/rails_engine/app/controllers/api/v1/transactions_controller.rb": [
        1,
        null,
        1,
        1,
        null,
        null,
        1,
        1,
        null,
        null,
        null
      ]
    },
    "timestamp": 1538681757
  }
}
